[2016-05-15 20:05:38.509] [INFO] cheese - Render view sign/signup undefined
[2016-05-15 20:05:38.515] [INFO] cheese - Completed 200 undefined
[2016-05-15 20:05:38.527] [INFO] cheese - 

Started 2016-05-15T12:05:38.527Z POST /signup ::ffff:127.0.0.1
[2016-05-15 20:05:38.535] [INFO] cheese - Render view sign/signup undefined
[2016-05-15 20:05:38.548] [INFO] cheese - Completed 422 undefined
[2016-05-15 20:05:38.553] [INFO] cheese - 

Started 2016-05-15T12:05:38.553Z POST /signup ::ffff:127.0.0.1
[2016-05-15 20:05:38.566] [INFO] cheese - Render view sign/signup undefined
[2016-05-15 20:05:38.568] [INFO] cheese - Completed 422 undefined
[2016-05-15 20:05:38.572] [INFO] cheese - 

Started 2016-05-15T12:05:38.572Z GET /signin ::ffff:127.0.0.1
[2016-05-15 20:05:38.582] [INFO] cheese - Render view sign/signin undefined
[2016-05-15 20:05:38.584] [INFO] cheese - Completed 200 undefined
[2016-05-15 20:05:38.587] [INFO] cheese - 

Started 2016-05-15T12:05:38.587Z POST /signin ::ffff:127.0.0.1
[2016-05-15 20:05:38.599] [INFO] cheese - Render view sign/signin undefined
[2016-05-15 20:05:38.601] [INFO] cheese - Completed 422 undefined
[2016-05-15 20:05:38.607] [INFO] cheese - 

Started 2016-05-15T12:05:38.606Z POST /signin ::ffff:127.0.0.1
[2016-05-15 20:05:38.881] [INFO] cheese - Render view sign/signin undefined
[2016-05-15 20:05:38.884] [INFO] cheese - Completed 403 undefined
[2016-05-15 20:05:38.889] [INFO] cheese - 

Started 2016-05-15T12:05:38.888Z POST /signout ::ffff:127.0.0.1
[2016-05-15 20:05:38.891] [INFO] cheese - Completed 302 undefined
[2016-05-15 20:05:38.907] [INFO] cheese - 

Started 2016-05-15T12:05:38.907Z GET /active_account?key=71cdcde2cf6b6115be89afc2d60c0fa2&name=testuser1463313930916 ::ffff:127.0.0.1
[2016-05-15 20:05:38.931] [INFO] cheese - Render view notify/notify undefined
[2016-05-15 20:05:38.933] [INFO] cheese - Completed 200 undefined
[2016-05-15 20:05:38.937] [INFO] cheese - 

Started 2016-05-15T12:05:38.937Z POST /signin ::ffff:127.0.0.1
[2016-05-15 20:05:39.202] [INFO] cheese - Completed 302 undefined
[2016-05-15 20:05:39.207] [INFO] cheese - 

Started 2016-05-15T12:05:39.207Z GET /search_pass ::ffff:127.0.0.1
[2016-05-15 20:05:39.214] [INFO] cheese - Render view sign/search_pass undefined
[2016-05-15 20:05:39.216] [INFO] cheese - Completed 200 undefined
[2016-05-15 20:05:39.221] [INFO] cheese - 

Started 2016-05-15T12:05:39.221Z POST /search_pass ::ffff:127.0.0.1
[2016-05-15 20:05:39.246] [INFO] cheese - Render view notify/notify undefined
[2016-05-15 20:05:39.248] [INFO] cheese - Completed 200 undefined
[2016-05-15 20:05:39.254] [INFO] cheese - 

Started 2016-05-15T12:05:39.254Z GET /reset_pass?key=38bf37af-ddf6-4bce-8fdd-384c11e52bdc&name=testuser1463313930916 ::ffff:127.0.0.1
[2016-05-15 20:05:39.268] [INFO] cheese - Render view sign/reset undefined
[2016-05-15 20:05:39.273] [INFO] cheese - Completed 200 undefined
[2016-05-15 20:05:39.281] [INFO] cheese - 

Started 2016-05-15T12:05:39.281Z GET /reset_pass?key=wrong%20key&name=testuser1463313930916 ::ffff:127.0.0.1
[2016-05-15 20:05:39.295] [INFO] cheese - Render view notify/notify undefined
[2016-05-15 20:05:39.297] [INFO] cheese - Completed 403 undefined
[2016-05-15 20:05:39.307] [INFO] cheese - 

Started 2016-05-15T12:05:39.307Z POST /reset_pass ::ffff:127.0.0.1
[2016-05-15 20:05:39.597] [INFO] cheese - Render view notify/notify undefined
[2016-05-15 20:05:39.599] [INFO] cheese - Completed 200 undefined
[2016-05-15 20:05:39.603] [INFO] cheese - 

Started 2016-05-15T12:05:39.603Z GET / ::ffff:127.0.0.1
[2016-05-15 20:05:39.607] [DEBUG] cheese - Cache get tops undefined
[2016-05-15 20:05:39.608] [DEBUG] cheese - Cache get no_reply_topics undefined
[2016-05-15 20:05:39.608] [DEBUG] cheese - Cache get {"deleted":false}pages undefined
[2016-05-15 20:05:39.758] [INFO] cheese - Render view index undefined
[2016-05-15 20:05:39.761] [INFO] cheese - Completed 200 undefined
[2016-05-15 20:05:39.766] [INFO] cheese - 

Started 2016-05-15T12:05:39.766Z GET /?page=-1 ::ffff:127.0.0.1
[2016-05-15 20:05:39.769] [DEBUG] cheese - Cache get tops undefined
[2016-05-15 20:05:39.770] [DEBUG] cheese - Cache get no_reply_topics undefined
[2016-05-15 20:05:39.770] [DEBUG] cheese - Cache get {"deleted":false}pages undefined
[2016-05-15 20:05:39.944] [INFO] cheese - Render view index undefined
[2016-05-15 20:05:39.945] [INFO] cheese - Completed 200 undefined
[2016-05-15 20:05:39.950] [INFO] cheese - 

Started 2016-05-15T12:05:39.950Z GET /sitemap.xml ::ffff:127.0.0.1
[2016-05-15 20:05:39.999] [DEBUG] cheese - Cache set sitemap undefined
[2016-05-15 20:05:40.002] [INFO] cheese - Completed 200 undefined
[2016-05-15 20:05:40.017] [INFO] cheese - 

Started 2016-05-15T12:05:40.017Z GET /app/download ::ffff:127.0.0.1
[2016-05-15 20:05:40.020] [INFO] cheese - Completed 302 undefined
[2016-05-15 20:05:40.023] [INFO] cheese - 

Started 2016-05-15T12:05:40.023Z GET /topic/5738660b8c3b810c57e97ca3 ::ffff:127.0.0.1
[2016-05-15 20:05:40.057] [DEBUG] cheese - Cache get no_reply_topics undefined
[2016-05-15 20:05:40.108] [INFO] cheese - Render view topic/index undefined
[2016-05-15 20:05:40.110] [INFO] cheese - Completed 200 undefined
[2016-05-15 20:05:40.114] [INFO] cheese - 

Started 2016-05-15T12:05:40.114Z GET /topic/5738660b8c3b810c57e97ca3 ::ffff:127.0.0.1
[2016-05-15 20:05:40.161] [DEBUG] cheese - Cache get no_reply_topics undefined
[2016-05-15 20:05:40.206] [INFO] cheese - Render view topic/index undefined
[2016-05-15 20:05:40.208] [INFO] cheese - Completed 200 undefined
[2016-05-15 20:05:40.213] [INFO] cheese - 

Started 2016-05-15T12:05:40.213Z GET /topic/create ::ffff:127.0.0.1
[2016-05-15 20:05:40.220] [INFO] cheese - Render view topic/edit undefined
[2016-05-15 20:05:40.222] [INFO] cheese - Completed 200 undefined
[2016-05-15 20:05:40.226] [INFO] cheese - 

Started 2016-05-15T12:05:40.226Z POST /topic/create ::ffff:127.0.0.1
[2016-05-15 20:05:40.229] [DEBUG] cheese - Cache set 20160515^_^@T_Tperuserperday^_^@T_Tcreate_topic^_^@T_Talsotang1463313930802_3705 undefined
[2016-05-15 20:05:40.249] [INFO] cheese - Render view topic/edit undefined
[2016-05-15 20:05:40.250] [INFO] cheese - Completed 422 undefined
[2016-05-15 20:05:40.253] [INFO] cheese - 

Started 2016-05-15T12:05:40.253Z POST /topic/create ::ffff:127.0.0.1
[2016-05-15 20:05:40.255] [DEBUG] cheese - Cache get 20160515^_^@T_Tperuserperday^_^@T_Tcreate_topic^_^@T_Talsotang1463313930802_3705 undefined
[2016-05-15 20:05:40.256] [DEBUG] cheese - Cache set 20160515^_^@T_Tperuserperday^_^@T_Tcreate_topic^_^@T_Talsotang1463313930802_3705 undefined
[2016-05-15 20:05:40.264] [INFO] cheese - Render view topic/edit undefined
[2016-05-15 20:05:40.266] [INFO] cheese - Completed 422 undefined
[2016-05-15 20:05:40.269] [INFO] cheese - 

Started 2016-05-15T12:05:40.269Z POST /topic/create ::ffff:127.0.0.1
[2016-05-15 20:05:40.272] [DEBUG] cheese - Cache get 20160515^_^@T_Tperuserperday^_^@T_Tcreate_topic^_^@T_Talsotang1463313930802_3705 undefined
[2016-05-15 20:05:40.272] [DEBUG] cheese - Cache set 20160515^_^@T_Tperuserperday^_^@T_Tcreate_topic^_^@T_Talsotang1463313930802_3705 undefined
[2016-05-15 20:05:40.281] [INFO] cheese - Render view topic/edit undefined
[2016-05-15 20:05:40.283] [INFO] cheese - Completed 422 undefined
[2016-05-15 20:05:40.286] [INFO] cheese - 

Started 2016-05-15T12:05:40.286Z POST /topic/create ::ffff:127.0.0.1
[2016-05-15 20:05:40.288] [DEBUG] cheese - Cache get 20160515^_^@T_Tperuserperday^_^@T_Tcreate_topic^_^@T_Talsotang1463313930802_3705 undefined
[2016-05-15 20:05:40.289] [DEBUG] cheese - Cache set 20160515^_^@T_Tperuserperday^_^@T_Tcreate_topic^_^@T_Talsotang1463313930802_3705 undefined
[2016-05-15 20:05:40.315] [INFO] cheese - Completed 302 undefined
[2016-05-15 20:05:40.319] [INFO] cheese - 

Started 2016-05-15T12:05:40.319Z GET /topic/5738660b8c3b810c57e97ca3/edit ::ffff:127.0.0.1
[2016-05-15 20:05:40.357] [INFO] cheese - Render view topic/edit undefined
[2016-05-15 20:05:40.358] [INFO] cheese - Completed 200 undefined
[2016-05-15 20:05:40.362] [INFO] cheese - 

Started 2016-05-15T12:05:40.362Z POST /topic/5738660b8c3b810c57e97ca3/edit ::ffff:127.0.0.1
[2016-05-15 20:05:40.405] [INFO] cheese - Completed 302 undefined
[2016-05-15 20:05:40.416] [INFO] cheese - 

Started 2016-05-15T12:05:40.416Z POST /topic/573866148c3b810c57e97cb9/delete ::ffff:127.0.0.1
[2016-05-15 20:05:40.428] [INFO] cheese - Completed 403 undefined
[2016-05-15 20:05:40.431] [INFO] cheese - 

Started 2016-05-15T12:05:40.431Z POST /topic/573866148c3b810c57e97cb9/delete ::ffff:127.0.0.1
[2016-05-15 20:05:40.455] [INFO] cheese - Completed 200 undefined
[2016-05-15 20:05:40.459] [INFO] cheese - 

Started 2016-05-15T12:05:40.459Z POST /topic/5738660b8c3b810c57e97ca3/top ::ffff:127.0.0.1
[2016-05-15 20:05:40.486] [INFO] cheese - Render view notify/notify undefined
[2016-05-15 20:05:40.487] [INFO] cheese - Completed 200 undefined
[2016-05-15 20:05:40.490] [INFO] cheese - 

Started 2016-05-15T12:05:40.490Z POST /topic/5738660b8c3b810c57e97ca3/top ::ffff:127.0.0.1
[2016-05-15 20:05:40.515] [INFO] cheese - Render view notify/notify undefined
[2016-05-15 20:05:40.517] [INFO] cheese - Completed 200 undefined
[2016-05-15 20:05:40.521] [INFO] cheese - 

Started 2016-05-15T12:05:40.521Z POST /topic/5738660b8c3b810c57e97ca3/good ::ffff:127.0.0.1
[2016-05-15 20:05:40.550] [INFO] cheese - Render view notify/notify undefined
[2016-05-15 20:05:40.552] [INFO] cheese - Completed 200 undefined
[2016-05-15 20:05:40.557] [INFO] cheese - 

Started 2016-05-15T12:05:40.557Z POST /topic/5738660b8c3b810c57e97ca3/good ::ffff:127.0.0.1
[2016-05-15 20:05:40.582] [INFO] cheese - Render view notify/notify undefined
[2016-05-15 20:05:40.583] [INFO] cheese - Completed 200 undefined
[2016-05-15 20:05:40.588] [INFO] cheese - 

Started 2016-05-15T12:05:40.587Z POST /topic/collect ::ffff:127.0.0.1
[2016-05-15 20:05:40.615] [INFO] cheese - Completed 200 undefined
[2016-05-15 20:05:40.618] [INFO] cheese - 

Started 2016-05-15T12:05:40.618Z POST /topic/de_collect ::ffff:127.0.0.1
[2016-05-15 20:05:40.645] [INFO] cheese - Completed 200 undefined
[2016-05-15 20:05:40.665] [INFO] cheese - 

Started 2016-05-15T12:05:40.665Z POST /upload ::ffff:127.0.0.1
[2016-05-15 20:05:40.685] [INFO] cheese - Completed 200 undefined
[2016-05-15 20:05:40.688] [INFO] cheese - 

Started 2016-05-15T12:05:40.688Z POST /topic/5738660b8c3b810c57e97ca3/lock ::ffff:127.0.0.1
[2016-05-15 20:05:40.724] [INFO] cheese - Render view notify/notify undefined
[2016-05-15 20:05:40.725] [INFO] cheese - Completed 200 undefined
[2016-05-15 20:05:40.731] [INFO] cheese - 

Started 2016-05-15T12:05:40.731Z POST /5738660b8c3b810c57e97ca3/reply ::ffff:127.0.0.1
[2016-05-15 20:05:40.735] [DEBUG] cheese - Cache get 20160515^_^@T_Tperuserperday^_^@T_Tcreate_reply^_^@T_Talsotang1463313930802_3705 undefined
[2016-05-15 20:05:40.735] [DEBUG] cheese - Cache set 20160515^_^@T_Tperuserperday^_^@T_Tcreate_reply^_^@T_Talsotang1463313930802_3705 undefined
[2016-05-15 20:05:40.750] [INFO] cheese - Completed 403 undefined
[2016-05-15 20:05:40.757] [INFO] cheese - 

Started 2016-05-15T12:05:40.756Z POST /topic/5738660b8c3b810c57e97ca3/lock ::ffff:127.0.0.1
[2016-05-15 20:05:40.790] [INFO] cheese - Render view notify/notify undefined
[2016-05-15 20:05:40.792] [INFO] cheese - Completed 200 undefined
[2016-05-15 20:05:40.795] [INFO] cheese - 

Started 2016-05-15T12:05:40.795Z POST /5738660b8c3b810c57e97ca3/reply ::ffff:127.0.0.1
[2016-05-15 20:05:40.800] [DEBUG] cheese - Cache get 20160515^_^@T_Tperuserperday^_^@T_Tcreate_reply^_^@T_Talsotang1463313930802_3705 undefined
[2016-05-15 20:05:40.800] [DEBUG] cheese - Cache set 20160515^_^@T_Tperuserperday^_^@T_Tcreate_reply^_^@T_Talsotang1463313930802_3705 undefined
[2016-05-15 20:05:40.843] [INFO] cheese - Completed 302 undefined
[2016-05-15 20:05:41.125] [INFO] cheese - 

Started 2016-05-15T12:05:41.125Z GET /user/alsotang1463313940845_5663 ::ffff:127.0.0.1
[2016-05-15 20:05:41.165] [INFO] cheese - Render view user/index undefined
[2016-05-15 20:05:41.168] [INFO] cheese - Completed 200 undefined
[2016-05-15 20:05:41.173] [INFO] cheese - 

Started 2016-05-15T12:05:41.173Z GET /stars ::ffff:127.0.0.1
[2016-05-15 20:05:41.193] [INFO] cheese - Render view user/stars undefined
[2016-05-15 20:05:41.195] [INFO] cheese - Completed 200 undefined
[2016-05-15 20:05:41.201] [INFO] cheese - 

Started 2016-05-15T12:05:41.201Z GET /setting ::ffff:127.0.0.1
[2016-05-15 20:05:41.223] [INFO] cheese - Render view user/setting undefined
[2016-05-15 20:05:41.225] [INFO] cheese - Completed 200 undefined
[2016-05-15 20:05:41.230] [INFO] cheese - 

Started 2016-05-15T12:05:41.230Z GET /setting?save=success ::ffff:127.0.0.1
[2016-05-15 20:05:41.251] [INFO] cheese - Render view user/setting undefined
[2016-05-15 20:05:41.255] [INFO] cheese - Completed 200 undefined
[2016-05-15 20:05:41.264] [INFO] cheese - 

Started 2016-05-15T12:05:41.264Z POST /setting ::ffff:127.0.0.1
[2016-05-15 20:05:41.300] [INFO] cheese - Completed 302 undefined
[2016-05-15 20:05:41.305] [INFO] cheese - 

Started 2016-05-15T12:05:41.305Z POST /setting ::ffff:127.0.0.1
[2016-05-15 20:05:41.846] [INFO] cheese - Render view user/setting undefined
[2016-05-15 20:05:41.847] [INFO] cheese - Completed 200 undefined
[2016-05-15 20:05:41.850] [INFO] cheese - 

Started 2016-05-15T12:05:41.850Z POST /setting ::ffff:127.0.0.1
[2016-05-15 20:05:42.134] [INFO] cheese - Render view user/setting undefined
[2016-05-15 20:05:42.137] [INFO] cheese - Completed 200 undefined
[2016-05-15 20:05:42.140] [INFO] cheese - 

Started 2016-05-15T12:05:42.140Z POST /user/set_star ::ffff:127.0.0.1
[2016-05-15 20:05:42.150] [INFO] cheese - Completed 500 undefined
[2016-05-15 20:05:42.155] [INFO] cheese - 

Started 2016-05-15T12:05:42.155Z POST /user/set_star ::ffff:127.0.0.1
[2016-05-15 20:05:42.182] [INFO] cheese - Completed 200 undefined
[2016-05-15 20:05:42.196] [INFO] cheese - 

Started 2016-05-15T12:05:42.195Z POST /user/set_star ::ffff:127.0.0.1
[2016-05-15 20:05:42.218] [INFO] cheese - Completed 200 undefined
[2016-05-15 20:05:42.231] [INFO] cheese - 

Started 2016-05-15T12:05:42.231Z GET /user/alsotang1463313930802_3705/collections ::ffff:127.0.0.1
[2016-05-15 20:05:42.260] [INFO] cheese - Render view user/collect_topics undefined
[2016-05-15 20:05:42.266] [INFO] cheese - Completed 200 undefined
[2016-05-15 20:05:42.273] [INFO] cheese - 

Started 2016-05-15T12:05:42.273Z GET /users/top100 ::ffff:127.0.0.1
[2016-05-15 20:05:42.399] [INFO] cheese - Render view user/top100 undefined
[2016-05-15 20:05:42.402] [INFO] cheese - Completed 200 undefined
[2016-05-15 20:05:42.406] [INFO] cheese - 

Started 2016-05-15T12:05:42.406Z GET /user/alsotang1463313930802_3705/topics ::ffff:127.0.0.1
[2016-05-15 20:05:42.465] [INFO] cheese - Render view user/topics undefined
[2016-05-15 20:05:42.467] [INFO] cheese - Completed 200 undefined
[2016-05-15 20:05:42.471] [INFO] cheese - 

Started 2016-05-15T12:05:42.471Z GET /user/alsotang1463313930802_3705/replies ::ffff:127.0.0.1
[2016-05-15 20:05:42.553] [INFO] cheese - Render view user/replies undefined
[2016-05-15 20:05:42.554] [INFO] cheese - Completed 200 undefined
[2016-05-15 20:05:42.841] [INFO] cheese - 

Started 2016-05-15T12:05:42.841Z POST /user/alsotang1463313942558_4138/block ::ffff:127.0.0.1
[2016-05-15 20:05:42.863] [INFO] cheese - Completed 200 undefined
[2016-05-15 20:05:42.880] [INFO] cheese - 

Started 2016-05-15T12:05:42.880Z POST /user/alsotang1463313930802_3705/block ::ffff:127.0.0.1
[2016-05-15 20:05:42.910] [INFO] cheese - Completed 200 undefined
[2016-05-15 20:05:42.917] [INFO] cheese - 

Started 2016-05-15T12:05:42.917Z POST /user/not_exists_user/block ::ffff:127.0.0.1
[2016-05-15 20:05:42.930] [INFO] cheese - Completed 500 undefined
[2016-05-15 20:05:43.231] [INFO] cheese - 

Started 2016-05-15T12:05:43.231Z POST /user/alsotang1463313942932_7506/delete_all ::ffff:127.0.0.1
[2016-05-15 20:05:43.254] [INFO] cheese - Completed 200 undefined
